[     8.133] (--) Log file renamed from "/home/oqs/.local/share/xorg/Xorg.pid-1320.log" to "/home/oqs/.local/share/xorg/Xorg.0.log"
[     8.133] 
X.Org X Server 1.20.13
X Protocol Version 11, Revision 0
[     8.133] Build Operating System: linux Ubuntu
[     8.133] Current Operating System: Linux OQS 5.15.0-107-generic #117~20.04.1-Ubuntu SMP Tue Apr 30 10:35:57 UTC 2024 x86_64
[     8.133] Kernel command line: BOOT_IMAGE=/boot/vmlinuz-5.15.0-107-generic root=UUID=aa495a16-8b47-44e2-afce-366188f2ddf7 ro quiet splash vt.handoff=7
[     8.133] Build Date: 09 April 2024  01:36:10AM
[     8.133] xorg-server 2:1.20.13-1ubuntu1~20.04.17 (For technical support please see http://www.ubuntu.com/support) 
[     8.133] Current version of pixman: 0.38.4
[     8.133] 	Before reporting problems, check http://wiki.x.org
	to make sure that you have the latest version.
[     8.133] Markers: (--) probed, (**) from config file, (==) default setting,
	(++) from command line, (!!) notice, (II) informational,
	(WW) warning, (EE) error, (NI) not implemented, (??) unknown.
[     8.134] (==) Log file: "/home/oqs/.local/share/xorg/Xorg.0.log", Time: Tue Jun 25 00:50:05 2024
[     8.134] (==) Using system config directory "/usr/share/X11/xorg.conf.d"
[     8.135] (==) No Layout section.  Using the first Screen section.
[     8.135] (==) No screen section available. Using defaults.
[     8.135] (**) |-->Screen "Default Screen Section" (0)
[     8.135] (**) |   |-->Monitor "<default monitor>"
[     8.136] (==) No monitor specified for screen "Default Screen Section".
	Using a default monitor configuration.
[     8.136] (==) Automatically adding devices
[     8.136] (==) Automatically enabling devices
[     8.136] (==) Automatically adding GPU devices
[     8.136] (==) Automatically binding GPU devices
[     8.136] (==) Max clients allowed: 256, resource mask: 0x1fffff
[     8.136] (WW) The directory "/usr/share/fonts/X11/cyrillic" does not exist.
[     8.136] 	Entry deleted from font path.
[     8.136] (WW) The directory "/usr/share/fonts/X11/100dpi/" does not exist.
[     8.136] 	Entry deleted from font path.
[     8.136] (WW) The directory "/usr/share/fonts/X11/75dpi/" does not exist.
[     8.136] 	Entry deleted from font path.
[     8.136] (WW) The directory "/usr/share/fonts/X11/100dpi" does not exist.
[     8.136] 	Entry deleted from font path.
[     8.136] (WW) The directory "/usr/share/fonts/X11/75dpi" does not exist.
[     8.136] 	Entry deleted from font path.
[     8.136] (==) FontPath set to:
	/usr/share/fonts/X11/misc,
	/usr/share/fonts/X11/Type1,
	built-ins
[     8.136] (==) ModulePath set to "/usr/lib/xorg/modules"
[     8.136] (II) The server relies on udev to provide the list of input devices.
	If no devices become available, reconfigure udev or disable AutoAddDevices.
[     8.136] (II) Loader magic: 0x561767873020
[     8.136] (II) Module ABI versions:
[     8.136] 	X.Org ANSI C Emulation: 0.4
[     8.136] 	X.Org Video Driver: 24.1
[     8.136] 	X.Org XInput driver : 24.1
[     8.136] 	X.Org Server Extension : 10.0
[     8.137] (++) using VT number 2

[     8.137] (II) systemd-logind: took control of session /org/freedesktop/login1/session/_32
[     8.138] (II) xfree86: Adding drm device (/dev/dri/card0)
[     8.138] (II) systemd-logind: got fd for /dev/dri/card0 226:0 fd 12 paused 0
[     8.139] (--) PCI:*(0@0:1:0) 1b36:0100:1af4:1100 rev 4, Mem @ 0xf4000000/67108864, 0xf8000000/67108864, 0xfcc14000/8192, I/O @ 0x0000c040/32, BIOS @ 0x????????/131072
[     8.139] (II) LoadModule: "glx"
[     8.141] (II) Loading /usr/lib/xorg/modules/extensions/libglx.so
[     8.143] (II) Module glx: vendor="X.Org Foundation"
[     8.143] 	compiled for 1.20.13, module version = 1.0.0
[     8.143] 	ABI class: X.Org Server Extension, version 10.0
[     8.143] (==) Matched qxl as autoconfigured driver 0
[     8.143] (==) Matched modesetting as autoconfigured driver 1
[     8.143] (==) Matched fbdev as autoconfigured driver 2
[     8.143] (==) Matched vesa as autoconfigured driver 3
[     8.143] (==) Assigned the driver to the xf86ConfigLayout
[     8.143] (II) LoadModule: "qxl"
[     8.143] (II) Loading /usr/lib/xorg/modules/drivers/qxl_drv.so
[     8.144] (II) Module qxl: vendor="X.Org Foundation"
[     8.144] 	compiled for 1.20.7, module version = 0.1.5
[     8.145] 	Module class: X.Org Video Driver
[     8.145] 	ABI class: X.Org Video Driver, version 24.1
[     8.145] (II) LoadModule: "modesetting"
[     8.145] (II) Loading /usr/lib/xorg/modules/drivers/modesetting_drv.so
[     8.145] (II) Module modesetting: vendor="X.Org Foundation"
[     8.145] 	compiled for 1.20.13, module version = 1.20.13
[     8.146] 	Module class: X.Org Video Driver
[     8.146] 	ABI class: X.Org Video Driver, version 24.1
[     8.146] (II) LoadModule: "fbdev"
[     8.146] (II) Loading /usr/lib/xorg/modules/drivers/fbdev_drv.so
[     8.146] (II) Module fbdev: vendor="X.Org Foundation"
[     8.146] 	compiled for 1.20.1, module version = 0.5.0
[     8.146] 	Module class: X.Org Video Driver
[     8.146] 	ABI class: X.Org Video Driver, version 24.0
[     8.146] (II) LoadModule: "vesa"
[     8.146] (II) Loading /usr/lib/xorg/modules/drivers/vesa_drv.so
[     8.147] (II) Module vesa: vendor="X.Org Foundation"
[     8.147] 	compiled for 1.20.4, module version = 2.4.0
[     8.147] 	Module class: X.Org Video Driver
[     8.147] 	ABI class: X.Org Video Driver, version 24.0
[     8.147] (II) qxl: Driver for QXL virtual graphics: QXL 1
[     8.147] (II) modesetting: Driver for Modesetting Kernel Drivers: kms
[     8.147] (II) FBDEV: driver for framebuffer: fbdev
[     8.147] (II) VESA: driver for VESA chipsets: vesa
[     8.147] xf86EnableIOPorts: failed to set IOPL for I/O (Operation not permitted)
[     8.147] (II) [KMS] Kernel modesetting enabled.
[     8.148] (WW) Falling back to old probe method for modesetting
[     8.148] (WW) Falling back to old probe method for fbdev
[     8.148] (II) Loading sub module "fbdevhw"
[     8.148] (II) LoadModule: "fbdevhw"
[     8.148] (II) Loading /usr/lib/xorg/modules/libfbdevhw.so
[     8.148] (II) Module fbdevhw: vendor="X.Org Foundation"
[     8.148] 	compiled for 1.20.13, module version = 0.0.2
[     8.148] 	ABI class: X.Org Video Driver, version 24.1
[     8.148] (EE) open /dev/fb0: Permission denied
[     8.148] (WW) VGA arbiter: cannot open kernel arbiter, no multi-card support
[     8.148] (II) qxl(0): Creating default Display subsection in Screen section
	"Default Screen Section" for depth/fbbpp 24/32
[     8.148] (==) qxl(0): Depth 24, (--) framebuffer bpp 32
[     8.149] (==) qxl(0): RGB weight 888
[     8.149] (==) qxl(0): Default visual is TrueColor
[     8.149] (==) qxl(0): Using gamma correction (1.0, 1.0, 1.0)
[     8.149] (II) qxl(0): Deferred Frames: Disabled
[     8.149] (II) qxl(0): Offscreen Surfaces: Enabled
[     8.149] (II) qxl(0): Image Cache: Enabled
[     8.149] (II) qxl(0): Fallback Cache: Enabled
[     8.149] (==) qxl(0): DPI set to (96, 96)
[     8.149] (II) Loading sub module "fb"
[     8.149] (II) LoadModule: "fb"
[     8.149] (II) Loading /usr/lib/xorg/modules/libfb.so
[     8.150] (II) Module fb: vendor="X.Org Foundation"
[     8.150] 	compiled for 1.20.13, module version = 1.0.0
[     8.150] 	ABI class: X.Org ANSI C Emulation, version 0.4
[     8.150] (II) Loading sub module "ramdac"
[     8.150] (II) LoadModule: "ramdac"
[     8.150] (II) Module "ramdac" already built-in
[     8.150] (II) qxl(0): Output Virtual-1 has no monitor section
[     8.150] (II) qxl(0): Output Virtual-2 has no monitor section
[     8.150] (II) qxl(0): Output Virtual-3 has no monitor section
[     8.150] (II) qxl(0): Output Virtual-4 has no monitor section
[     8.150] (II) qxl(0): EDID for output Virtual-1
[     8.150] (II) qxl(0): Printing probed modes for output Virtual-1
[     8.150] (II) qxl(0): Modeline "1024x768"x60.0   65.00  1024 1048 1184 1344  768 771 777 806 -hsync -vsync (48.4 kHz eP)
[     8.151] (II) qxl(0): Modeline "2560x1600"x60.0  348.50  2560 2752 3032 3504  1600 1603 1609 1658 -hsync +vsync (99.5 kHz e)
[     8.151] (II) qxl(0): Modeline "2560x1600"x60.0  268.50  2560 2608 2640 2720  1600 1603 1609 1646 +hsync -vsync (98.7 kHz e)
[     8.151] (II) qxl(0): Modeline "1920x1440"x60.0  234.00  1920 2048 2256 2600  1440 1441 1444 1500 -hsync +vsync (90.0 kHz e)
[     8.151] (II) qxl(0): Modeline "1856x1392"x60.0  218.25  1856 1952 2176 2528  1392 1393 1396 1439 -hsync +vsync (86.3 kHz e)
[     8.151] (II) qxl(0): Modeline "1792x1344"x60.0  204.75  1792 1920 2120 2448  1344 1345 1348 1394 -hsync +vsync (83.6 kHz e)
[     8.151] (II) qxl(0): Modeline "2048x1152"x60.0  162.00  2048 2074 2154 2250  1152 1153 1156 1200 +hsync +vsync (72.0 kHz e)
[     8.151] (II) qxl(0): Modeline "1920x1200"x59.9  193.25  1920 2056 2256 2592  1200 1203 1209 1245 -hsync +vsync (74.6 kHz e)
[     8.151] (II) qxl(0): Modeline "1920x1200"x60.0  154.00  1920 1968 2000 2080  1200 1203 1209 1235 +hsync -vsync (74.0 kHz e)
[     8.151] (II) qxl(0): Modeline "1920x1080"x60.0  148.50  1920 2008 2052 2200  1080 1084 1089 1125 -hsync -vsync (67.5 kHz e)
[     8.151] (II) qxl(0): Modeline "1600x1200"x60.0  162.00  1600 1664 1856 2160  1200 1201 1204 1250 +hsync +vsync (75.0 kHz e)
[     8.151] (II) qxl(0): Modeline "1680x1050"x60.0  146.25  1680 1784 1960 2240  1050 1053 1059 1089 -hsync +vsync (65.3 kHz e)
[     8.151] (II) qxl(0): Modeline "1680x1050"x59.9  119.00  1680 1728 1760 1840  1050 1053 1059 1080 +hsync -vsync (64.7 kHz e)
[     8.151] (II) qxl(0): Modeline "1400x1050"x60.0  121.75  1400 1488 1632 1864  1050 1053 1057 1089 -hsync +vsync (65.3 kHz e)
[     8.151] (II) qxl(0): Modeline "1400x1050"x59.9  101.00  1400 1448 1480 1560  1050 1053 1057 1080 +hsync -vsync (64.7 kHz e)
[     8.151] (II) qxl(0): Modeline "1600x900"x60.0  108.00  1600 1624 1704 1800  900 901 904 1000 +hsync +vsync (60.0 kHz e)
[     8.151] (II) qxl(0): Modeline "1280x1024"x60.0  108.00  1280 1328 1440 1688  1024 1025 1028 1066 +hsync +vsync (64.0 kHz e)
[     8.151] (II) qxl(0): Modeline "1440x900"x59.9  106.50  1440 1520 1672 1904  900 903 909 934 -hsync +vsync (55.9 kHz e)
[     8.151] (II) qxl(0): Modeline "1440x900"x59.9   88.75  1440 1488 1520 1600  900 903 909 926 +hsync -vsync (55.5 kHz e)
[     8.151] (II) qxl(0): Modeline "1280x960"x60.0  108.00  1280 1376 1488 1800  960 961 964 1000 +hsync +vsync (60.0 kHz e)
[     8.151] (II) qxl(0): Modeline "1280x854"x60.0   89.34  1280 1352 1480 1680  854 857 867 887 -hsync +vsync (53.2 kHz)
[     8.151] (II) qxl(0): Modeline "1366x768"x59.8   85.50  1366 1436 1579 1792  768 771 774 798 +hsync +vsync (47.7 kHz e)
[     8.151] (II) qxl(0): Modeline "1366x768"x60.0   72.00  1366 1380 1436 1500  768 769 772 800 +hsync +vsync (48.0 kHz e)
[     8.151] (II) qxl(0): Modeline "1360x768"x60.0   85.50  1360 1424 1536 1792  768 771 777 795 +hsync +vsync (47.7 kHz e)
[     8.151] (II) qxl(0): Modeline "1280x800"x59.8   83.50  1280 1352 1480 1680  800 803 809 831 -hsync +vsync (49.7 kHz e)
[     8.151] (II) qxl(0): Modeline "1280x800"x59.9   71.00  1280 1328 1360 1440  800 803 809 823 +hsync -vsync (49.3 kHz e)
[     8.151] (II) qxl(0): Modeline "1280x768"x59.9   79.50  1280 1344 1472 1664  768 771 778 798 -hsync +vsync (47.8 kHz e)
[     8.151] (II) qxl(0): Modeline "1280x768"x60.0   68.25  1280 1328 1360 1440  768 771 778 790 +hsync -vsync (47.4 kHz e)
[     8.151] (II) qxl(0): Modeline "1280x720"x60.0   74.25  1280 1390 1430 1650  720 725 730 750 +hsync +vsync (45.0 kHz e)
[     8.151] (II) qxl(0): Modeline "1152x768"x59.9   71.95  1152 1216 1328 1504  768 771 781 798 -hsync +vsync (47.8 kHz)
[     8.151] (II) qxl(0): Modeline "800x600"x60.3   40.00  800 840 968 1056  600 601 605 628 +hsync +vsync (37.9 kHz e)
[     8.152] (II) qxl(0): Modeline "800x600"x56.2   36.00  800 824 896 1024  600 601 603 625 +hsync +vsync (35.2 kHz e)
[     8.152] (II) qxl(0): Modeline "848x480"x60.0   33.75  848 864 976 1088  480 486 494 517 +hsync +vsync (31.0 kHz e)
[     8.152] (II) qxl(0): Modeline "720x480"x59.9   26.85  720 744 808 896  480 483 493 500 -hsync +vsync (30.0 kHz)
[     8.152] (II) qxl(0): Modeline "640x480"x59.9   25.18  640 656 752 800  480 490 492 525 -hsync -vsync (31.5 kHz e)
[     8.152] (II) qxl(0): EDID for output Virtual-2
[     8.152] (II) qxl(0): EDID for output Virtual-3
[     8.152] (II) qxl(0): EDID for output Virtual-4
[     8.152] (II) qxl(0): Output Virtual-1 connected
[     8.152] (II) qxl(0): Output Virtual-2 disconnected
[     8.152] (II) qxl(0): Output Virtual-3 disconnected
[     8.152] (II) qxl(0): Output Virtual-4 disconnected
[     8.152] (II) qxl(0): Using exact sizes for initial modes
[     8.152] (II) qxl(0): Output Virtual-1 using initial mode 1024x768 +0+0
[     8.152] (II) qxl(0): PreInit complete
[     8.152] (II) UnloadModule: "modesetting"
[     8.152] (II) Unloading modesetting
[     8.152] (II) UnloadModule: "fbdev"
[     8.152] (II) Unloading fbdev
[     8.152] (II) UnloadSubModule: "fbdevhw"
[     8.152] (II) Unloading fbdevhw
[     8.152] (II) UnloadModule: "vesa"
[     8.152] (II) Unloading vesa
[     8.153] (II) UXA(0): Driver registered support for the following operations:
[     8.153] (II)         solid
[     8.153] (II)         copy
[     8.153] (II)         composite (RENDER acceleration)
[     8.153] (II)         put_image
[     8.153] resizing primary to 1024x768
[     8.153] primary is 0x561767d99810
[     8.155] (II) Initializing extension Generic Event Extension
[     8.155] (II) Initializing extension SHAPE
[     8.157] (II) Initializing extension MIT-SHM
[     8.157] (II) Initializing extension XInputExtension
[     8.158] (II) Initializing extension XTEST
[     8.158] (II) Initializing extension BIG-REQUESTS
[     8.158] (II) Initializing extension SYNC
[     8.158] (II) Initializing extension XKEYBOARD
[     8.158] (II) Initializing extension XC-MISC
[     8.158] (II) Initializing extension SECURITY
[     8.160] (II) Initializing extension XFIXES
[     8.160] (II) Initializing extension RENDER
[     8.160] (II) Initializing extension RANDR
[     8.160] (II) Initializing extension COMPOSITE
[     8.160] (II) Initializing extension DAMAGE
[     8.160] (II) Initializing extension MIT-SCREEN-SAVER
[     8.161] (II) Initializing extension DOUBLE-BUFFER
[     8.161] (II) Initializing extension RECORD
[     8.161] (II) Initializing extension DPMS
[     8.161] (II) Initializing extension Present
[     8.161] (II) Initializing extension DRI3
[     8.161] (II) Initializing extension X-Resource
[     8.161] (II) Initializing extension XVideo
[     8.161] (II) Initializing extension XVideo-MotionCompensation
[     8.161] (II) Initializing extension SELinux
[     8.161] (II) SELinux: Disabled on system
[     8.161] (II) Initializing extension GLX
[     8.161] (II) AIGLX: Screen 0 is not DRI2 capable
[     8.178] (II) IGLX: Loaded and initialized swrast
[     8.178] (II) GLX: Initialized DRISWRAST GL provider for screen 0
[     8.178] (II) Initializing extension XFree86-VidModeExtension
[     8.179] (II) Initializing extension XFree86-DGA
[     8.179] (II) Initializing extension XFree86-DRI
[     8.179] (II) Initializing extension DRI2
[     8.179] (II) qxl(0): Setting screen physical size to 270 x 203
[     8.197] (II) config/udev: Adding input device Power Button (/dev/input/event0)
[     8.197] (**) Power Button: Applying InputClass "libinput keyboard catchall"
[     8.197] (II) LoadModule: "libinput"
[     8.197] (II) Loading /usr/lib/xorg/modules/input/libinput_drv.so
[     8.199] (II) Module libinput: vendor="X.Org Foundation"
[     8.199] 	compiled for 1.20.4, module version = 0.29.0
[     8.199] 	Module class: X.Org XInput Driver
[     8.199] 	ABI class: X.Org XInput driver, version 24.1
[     8.199] (II) Using input driver 'libinput' for 'Power Button'
[     8.199] (II) systemd-logind: got fd for /dev/input/event0 13:64 fd 20 paused 0
[     8.199] (**) Power Button: always reports core events
[     8.199] (**) Option "Device" "/dev/input/event0"
[     8.199] (**) Option "_source" "server/udev"
[     8.201] (II) event0  - Power Button: is tagged by udev as: Keyboard
[     8.201] (II) event0  - Power Button: device is a keyboard
[     8.201] (II) event0  - Power Button: device removed
[     8.201] (**) Option "config_info" "udev:/sys/devices/LNXSYSTM:00/LNXPWRBN:00/input/input0/event0"
[     8.201] (II) XINPUT: Adding extended input device "Power Button" (type: KEYBOARD, id 6)
[     8.202] (**) Option "xkb_model" "pc105"
[     8.202] (**) Option "xkb_layout" "us"
[     8.202] (II) event0  - Power Button: is tagged by udev as: Keyboard
[     8.202] (II) event0  - Power Button: device is a keyboard
[     8.203] (II) config/udev: Adding input device QEMU QEMU USB Tablet (/dev/input/event2)
[     8.203] (**) QEMU QEMU USB Tablet: Applying InputClass "libinput pointer catchall"
[     8.203] (II) Using input driver 'libinput' for 'QEMU QEMU USB Tablet'
[     8.261] (II) systemd-logind: got fd for /dev/input/event2 13:66 fd 23 paused 0
[     8.261] (**) QEMU QEMU USB Tablet: always reports core events
[     8.261] (**) Option "Device" "/dev/input/event2"
[     8.261] (**) Option "_source" "server/udev"
[     8.266] (II) event2  - QEMU QEMU USB Tablet: is tagged by udev as: Mouse
[     8.267] (II) event2  - QEMU QEMU USB Tablet: device is a pointer
[     8.267] (II) event2  - QEMU QEMU USB Tablet: device removed
[     8.268] (**) Option "config_info" "udev:/sys/devices/pci0000:00/0000:00:1d.7/usb1/1-1/1-1:1.0/0003:0627:0001.0001/input/input4/event2"
[     8.269] (II) XINPUT: Adding extended input device "QEMU QEMU USB Tablet" (type: MOUSE, id 7)
[     8.269] (**) Option "AccelerationScheme" "none"
[     8.269] (**) QEMU QEMU USB Tablet: (accel) selected scheme none/0
[     8.269] (**) QEMU QEMU USB Tablet: (accel) acceleration factor: 2.000
[     8.269] (**) QEMU QEMU USB Tablet: (accel) acceleration threshold: 4
[     8.271] (II) event2  - QEMU QEMU USB Tablet: is tagged by udev as: Mouse
[     8.271] (II) event2  - QEMU QEMU USB Tablet: device is a pointer
[     8.273] (II) config/udev: Adding input device QEMU QEMU USB Tablet (/dev/input/mouse0)
[     8.273] (II) No input driver specified, ignoring this device.
[     8.273] (II) This device may have been added with another device file.
[     8.273] (II) config/udev: Adding input device AT Translated Set 2 keyboard (/dev/input/event1)
[     8.273] (**) AT Translated Set 2 keyboard: Applying InputClass "libinput keyboard catchall"
[     8.273] (II) Using input driver 'libinput' for 'AT Translated Set 2 keyboard'
[     8.275] (II) systemd-logind: got fd for /dev/input/event1 13:65 fd 24 paused 0
[     8.275] (**) AT Translated Set 2 keyboard: always reports core events
[     8.275] (**) Option "Device" "/dev/input/event1"
[     8.275] (**) Option "_source" "server/udev"
[     8.275] (II) event1  - AT Translated Set 2 keyboard: is tagged by udev as: Keyboard
[     8.275] (II) event1  - AT Translated Set 2 keyboard: device is a keyboard
[     8.276] (II) event1  - AT Translated Set 2 keyboard: device removed
[     8.276] (**) Option "config_info" "udev:/sys/devices/platform/i8042/serio0/input/input1/event1"
[     8.276] (II) XINPUT: Adding extended input device "AT Translated Set 2 keyboard" (type: KEYBOARD, id 8)
[     8.276] (**) Option "xkb_model" "pc105"
[     8.276] (**) Option "xkb_layout" "us"
[     8.276] (II) event1  - AT Translated Set 2 keyboard: is tagged by udev as: Keyboard
[     8.276] (II) event1  - AT Translated Set 2 keyboard: device is a keyboard
[     8.276] (II) config/udev: Adding input device ImExPS/2 Generic Explorer Mouse (/dev/input/event3)
[     8.276] (**) ImExPS/2 Generic Explorer Mouse: Applying InputClass "libinput pointer catchall"
[     8.276] (II) Using input driver 'libinput' for 'ImExPS/2 Generic Explorer Mouse'
[     8.279] (II) systemd-logind: got fd for /dev/input/event3 13:67 fd 25 paused 0
[     8.279] (**) ImExPS/2 Generic Explorer Mouse: always reports core events
[     8.279] (**) Option "Device" "/dev/input/event3"
[     8.279] (**) Option "_source" "server/udev"
[     8.279] (II) event3  - ImExPS/2 Generic Explorer Mouse: is tagged by udev as: Mouse
[     8.279] (II) event3  - ImExPS/2 Generic Explorer Mouse: device is a pointer
[     8.279] (II) event3  - ImExPS/2 Generic Explorer Mouse: device removed
[     8.279] (**) Option "config_info" "udev:/sys/devices/platform/i8042/serio1/input/input3/event3"
[     8.279] (II) XINPUT: Adding extended input device "ImExPS/2 Generic Explorer Mouse" (type: MOUSE, id 9)
[     8.279] (**) Option "AccelerationScheme" "none"
[     8.279] (**) ImExPS/2 Generic Explorer Mouse: (accel) selected scheme none/0
[     8.279] (**) ImExPS/2 Generic Explorer Mouse: (accel) acceleration factor: 2.000
[     8.279] (**) ImExPS/2 Generic Explorer Mouse: (accel) acceleration threshold: 4
[     8.279] (II) event3  - ImExPS/2 Generic Explorer Mouse: is tagged by udev as: Mouse
[     8.279] (II) event3  - ImExPS/2 Generic Explorer Mouse: device is a pointer
[     8.280] (II) config/udev: Adding input device ImExPS/2 Generic Explorer Mouse (/dev/input/mouse1)
[     8.280] (II) No input driver specified, ignoring this device.
[     8.280] (II) This device may have been added with another device file.
[     9.428] (II) config/udev: Adding input device spice vdagent tablet (/dev/input/mouse2)
[     9.428] (II) No input driver specified, ignoring this device.
[     9.428] (II) This device may have been added with another device file.
[     9.432] (II) config/udev: Adding input device spice vdagent tablet (/dev/input/js0)
[     9.432] (II) No input driver specified, ignoring this device.
[     9.432] (II) This device may have been added with another device file.
[     9.464] (II) config/udev: Adding input device spice vdagent tablet (/dev/input/event4)
[     9.464] (**) spice vdagent tablet: Applying InputClass "libinput pointer catchall"
[     9.464] (II) Using input driver 'libinput' for 'spice vdagent tablet'
[     9.465] (II) systemd-logind: got fd for /dev/input/event4 13:68 fd 37 paused 0
[     9.465] (**) spice vdagent tablet: always reports core events
[     9.465] (**) Option "Device" "/dev/input/event4"
[     9.465] (**) Option "_source" "server/udev"
[     9.465] (II) event4  - spice vdagent tablet: is tagged by udev as: Mouse
[     9.465] (II) event4  - spice vdagent tablet: device is a pointer
[     9.466] (II) event4  - spice vdagent tablet: device removed
[     9.466] (**) Option "config_info" "udev:/sys/devices/virtual/input/input6/event4"
[     9.466] (II) XINPUT: Adding extended input device "spice vdagent tablet" (type: MOUSE, id 10)
[     9.466] (**) Option "AccelerationScheme" "none"
[     9.466] (**) spice vdagent tablet: (accel) selected scheme none/0
[     9.466] (**) spice vdagent tablet: (accel) acceleration factor: 2.000
[     9.466] (**) spice vdagent tablet: (accel) acceleration threshold: 4
[     9.466] (II) event4  - spice vdagent tablet: is tagged by udev as: Mouse
[     9.466] (II) event4  - spice vdagent tablet: device is a pointer
[735972.525] (EE) 
Fatal server error:
[735972.526] (EE) systemd-logind disappeared (stopped/restarted?)
[735972.526] (EE) 
[735972.526] (EE) 
Please consult the The X.Org Foundation support 
	 at http://wiki.x.org
 for help. 
[735972.526] (EE) Please also check the log file at "/home/oqs/.local/share/xorg/Xorg.0.log" for additional information.
[735972.526] (EE) 
[735972.609] (EE) Server terminated with error (1). Closing log file.
