[2016124.503] _XSERVTransSocketUNIXCreateListener: ...SocketCreateListener() failed
[2016124.503] _XSERVTransMakeAllCOTSServerListeners: server already running
[2016124.503] (--) Log file renamed from "/home/oqs/.local/share/xorg/Xorg.pid-125705.log" to "/home/oqs/.local/share/xorg/Xorg.1.log"
[2016124.504] 
X.Org X Server 1.20.13
X Protocol Version 11, Revision 0
[2016124.504] Build Operating System: linux Ubuntu
[2016124.504] Current Operating System: Linux OQS 5.15.0-107-generic #117~20.04.1-Ubuntu SMP Tue Apr 30 10:35:57 UTC 2024 x86_64
[2016124.504] Kernel command line: BOOT_IMAGE=/boot/vmlinuz-5.15.0-107-generic root=UUID=aa495a16-8b47-44e2-afce-366188f2ddf7 ro quiet splash vt.handoff=7
[2016124.504] Build Date: 09 April 2024  01:36:10AM
[2016124.504] xorg-server 2:1.20.13-1ubuntu1~20.04.17 (For technical support please see http://www.ubuntu.com/support) 
[2016124.504] Current version of pixman: 0.38.4
[2016124.504] 	Before reporting problems, check http://wiki.x.org
	to make sure that you have the latest version.
[2016124.504] Markers: (--) probed, (**) from config file, (==) default setting,
	(++) from command line, (!!) notice, (II) informational,
	(WW) warning, (EE) error, (NI) not implemented, (??) unknown.
[2016124.504] (==) Log file: "/home/oqs/.local/share/xorg/Xorg.1.log", Time: Thu Jul 18 08:52:01 2024
[2016124.504] (==) Using system config directory "/usr/share/X11/xorg.conf.d"
[2016124.504] (==) No Layout section.  Using the first Screen section.
[2016124.504] (==) No screen section available. Using defaults.
[2016124.504] (**) |-->Screen "Default Screen Section" (0)
[2016124.504] (**) |   |-->Monitor "<default monitor>"
[2016124.504] (==) No monitor specified for screen "Default Screen Section".
	Using a default monitor configuration.
[2016124.504] (==) Automatically adding devices
[2016124.504] (==) Automatically enabling devices
[2016124.504] (==) Automatically adding GPU devices
[2016124.504] (==) Automatically binding GPU devices
[2016124.504] (==) Max clients allowed: 256, resource mask: 0x1fffff
[2016124.504] (WW) The directory "/usr/share/fonts/X11/cyrillic" does not exist.
[2016124.504] 	Entry deleted from font path.
[2016124.504] (WW) The directory "/usr/share/fonts/X11/100dpi/" does not exist.
[2016124.504] 	Entry deleted from font path.
[2016124.504] (WW) The directory "/usr/share/fonts/X11/75dpi/" does not exist.
[2016124.504] 	Entry deleted from font path.
[2016124.504] (WW) The directory "/usr/share/fonts/X11/100dpi" does not exist.
[2016124.504] 	Entry deleted from font path.
[2016124.504] (WW) The directory "/usr/share/fonts/X11/75dpi" does not exist.
[2016124.504] 	Entry deleted from font path.
[2016124.504] (==) FontPath set to:
	/usr/share/fonts/X11/misc,
	/usr/share/fonts/X11/Type1,
	built-ins
[2016124.504] (==) ModulePath set to "/usr/lib/xorg/modules"
[2016124.504] (II) The server relies on udev to provide the list of input devices.
	If no devices become available, reconfigure udev or disable AutoAddDevices.
[2016124.504] (II) Loader magic: 0x5620a5387020
[2016124.504] (II) Module ABI versions:
[2016124.504] 	X.Org ANSI C Emulation: 0.4
[2016124.504] 	X.Org Video Driver: 24.1
[2016124.504] 	X.Org XInput driver : 24.1
[2016124.504] 	X.Org Server Extension : 10.0
[2016124.506] (++) using VT number 4

[2016124.511] (II) systemd-logind: took control of session /org/freedesktop/login1/session/_3255
[2016124.512] (II) xfree86: Adding drm device (/dev/dri/card0)
[2016124.513] (II) systemd-logind: got fd for /dev/dri/card0 226:0 fd 13 paused 0
[2016124.514] (--) PCI:*(0@0:1:0) 1b36:0100:1af4:1100 rev 4, Mem @ 0xf4000000/67108864, 0xf8000000/67108864, 0xfcc14000/8192, I/O @ 0x0000c040/32, BIOS @ 0x????????/131072
[2016124.514] (II) LoadModule: "glx"
[2016124.514] (II) Loading /usr/lib/xorg/modules/extensions/libglx.so
[2016124.515] (II) Module glx: vendor="X.Org Foundation"
[2016124.515] 	compiled for 1.20.13, module version = 1.0.0
[2016124.515] 	ABI class: X.Org Server Extension, version 10.0
[2016124.515] (==) Matched qxl as autoconfigured driver 0
[2016124.515] (==) Matched modesetting as autoconfigured driver 1
[2016124.515] (==) Matched fbdev as autoconfigured driver 2
[2016124.515] (==) Matched vesa as autoconfigured driver 3
[2016124.515] (==) Assigned the driver to the xf86ConfigLayout
[2016124.515] (II) LoadModule: "qxl"
[2016124.515] (II) Loading /usr/lib/xorg/modules/drivers/qxl_drv.so
[2016124.515] (II) Module qxl: vendor="X.Org Foundation"
[2016124.515] 	compiled for 1.20.7, module version = 0.1.5
[2016124.515] 	Module class: X.Org Video Driver
[2016124.515] 	ABI class: X.Org Video Driver, version 24.1
[2016124.515] (II) LoadModule: "modesetting"
[2016124.515] (II) Loading /usr/lib/xorg/modules/drivers/modesetting_drv.so
[2016124.515] (II) Module modesetting: vendor="X.Org Foundation"
[2016124.515] 	compiled for 1.20.13, module version = 1.20.13
[2016124.515] 	Module class: X.Org Video Driver
[2016124.515] 	ABI class: X.Org Video Driver, version 24.1
[2016124.515] (II) LoadModule: "fbdev"
[2016124.515] (II) Loading /usr/lib/xorg/modules/drivers/fbdev_drv.so
[2016124.515] (II) Module fbdev: vendor="X.Org Foundation"
[2016124.515] 	compiled for 1.20.1, module version = 0.5.0
[2016124.515] 	Module class: X.Org Video Driver
[2016124.515] 	ABI class: X.Org Video Driver, version 24.0
[2016124.515] (II) LoadModule: "vesa"
[2016124.515] (II) Loading /usr/lib/xorg/modules/drivers/vesa_drv.so
[2016124.515] (II) Module vesa: vendor="X.Org Foundation"
[2016124.515] 	compiled for 1.20.4, module version = 2.4.0
[2016124.515] 	Module class: X.Org Video Driver
[2016124.515] 	ABI class: X.Org Video Driver, version 24.0
[2016124.515] (II) qxl: Driver for QXL virtual graphics: QXL 1
[2016124.515] (II) modesetting: Driver for Modesetting Kernel Drivers: kms
[2016124.515] (II) FBDEV: driver for framebuffer: fbdev
[2016124.515] (II) VESA: driver for VESA chipsets: vesa
[2016124.515] xf86EnableIOPorts: failed to set IOPL for I/O (Operation not permitted)
[2016124.515] (II) [KMS] Kernel modesetting enabled.
[2016124.515] (WW) Falling back to old probe method for modesetting
[2016124.515] (WW) Falling back to old probe method for fbdev
[2016124.515] (II) Loading sub module "fbdevhw"
[2016124.515] (II) LoadModule: "fbdevhw"
[2016124.515] (II) Loading /usr/lib/xorg/modules/libfbdevhw.so
[2016124.515] (II) Module fbdevhw: vendor="X.Org Foundation"
[2016124.515] 	compiled for 1.20.13, module version = 0.0.2
[2016124.515] 	ABI class: X.Org Video Driver, version 24.1
[2016124.515] (EE) open /dev/fb0: Permission denied
[2016124.515] (WW) VGA arbiter: cannot open kernel arbiter, no multi-card support
[2016124.515] (II) qxl(0): Creating default Display subsection in Screen section
	"Default Screen Section" for depth/fbbpp 24/32
[2016124.515] (==) qxl(0): Depth 24, (--) framebuffer bpp 32
[2016124.515] (==) qxl(0): RGB weight 888
[2016124.515] (==) qxl(0): Default visual is TrueColor
[2016124.515] (==) qxl(0): Using gamma correction (1.0, 1.0, 1.0)
[2016124.516] (II) qxl(0): Deferred Frames: Disabled
[2016124.516] (II) qxl(0): Offscreen Surfaces: Enabled
[2016124.516] (II) qxl(0): Image Cache: Enabled
[2016124.516] (II) qxl(0): Fallback Cache: Enabled
[2016124.516] (==) qxl(0): DPI set to (96, 96)
[2016124.516] (II) Loading sub module "fb"
[2016124.516] (II) LoadModule: "fb"
[2016124.516] (II) Loading /usr/lib/xorg/modules/libfb.so
[2016124.516] (II) Module fb: vendor="X.Org Foundation"
[2016124.516] 	compiled for 1.20.13, module version = 1.0.0
[2016124.516] 	ABI class: X.Org ANSI C Emulation, version 0.4
[2016124.516] (II) Loading sub module "ramdac"
[2016124.516] (II) LoadModule: "ramdac"
[2016124.516] (II) Module "ramdac" already built-in
[2016124.516] (II) qxl(0): Output Virtual-1 has no monitor section
[2016124.516] (II) qxl(0): Output Virtual-2 has no monitor section
[2016124.516] (II) qxl(0): Output Virtual-3 has no monitor section
[2016124.516] (II) qxl(0): Output Virtual-4 has no monitor section
[2016124.516] (II) qxl(0): EDID for output Virtual-1
[2016124.516] (II) qxl(0): Printing probed modes for output Virtual-1
[2016124.516] (II) qxl(0): Modeline "1024x768"x60.0   65.00  1024 1048 1184 1344  768 771 777 806 -hsync -vsync (48.4 kHz eP)
[2016124.516] (II) qxl(0): Modeline "2560x1600"x60.0  348.50  2560 2752 3032 3504  1600 1603 1609 1658 -hsync +vsync (99.5 kHz e)
[2016124.516] (II) qxl(0): Modeline "2560x1600"x60.0  268.50  2560 2608 2640 2720  1600 1603 1609 1646 +hsync -vsync (98.7 kHz e)
[2016124.516] (II) qxl(0): Modeline "1920x1440"x60.0  234.00  1920 2048 2256 2600  1440 1441 1444 1500 -hsync +vsync (90.0 kHz e)
[2016124.516] (II) qxl(0): Modeline "1856x1392"x60.0  218.25  1856 1952 2176 2528  1392 1393 1396 1439 -hsync +vsync (86.3 kHz e)
[2016124.516] (II) qxl(0): Modeline "1792x1344"x60.0  204.75  1792 1920 2120 2448  1344 1345 1348 1394 -hsync +vsync (83.6 kHz e)
[2016124.516] (II) qxl(0): Modeline "2048x1152"x60.0  162.00  2048 2074 2154 2250  1152 1153 1156 1200 +hsync +vsync (72.0 kHz e)
[2016124.516] (II) qxl(0): Modeline "1920x1200"x59.9  193.25  1920 2056 2256 2592  1200 1203 1209 1245 -hsync +vsync (74.6 kHz e)
[2016124.516] (II) qxl(0): Modeline "1920x1200"x60.0  154.00  1920 1968 2000 2080  1200 1203 1209 1235 +hsync -vsync (74.0 kHz e)
[2016124.516] (II) qxl(0): Modeline "1920x1080"x60.0  148.50  1920 2008 2052 2200  1080 1084 1089 1125 -hsync -vsync (67.5 kHz e)
[2016124.516] (II) qxl(0): Modeline "1600x1200"x60.0  162.00  1600 1664 1856 2160  1200 1201 1204 1250 +hsync +vsync (75.0 kHz e)
[2016124.516] (II) qxl(0): Modeline "1680x1050"x60.0  146.25  1680 1784 1960 2240  1050 1053 1059 1089 -hsync +vsync (65.3 kHz e)
[2016124.516] (II) qxl(0): Modeline "1680x1050"x59.9  119.00  1680 1728 1760 1840  1050 1053 1059 1080 +hsync -vsync (64.7 kHz e)
[2016124.516] (II) qxl(0): Modeline "1400x1050"x60.0  121.75  1400 1488 1632 1864  1050 1053 1057 1089 -hsync +vsync (65.3 kHz e)
[2016124.516] (II) qxl(0): Modeline "1400x1050"x59.9  101.00  1400 1448 1480 1560  1050 1053 1057 1080 +hsync -vsync (64.7 kHz e)
[2016124.516] (II) qxl(0): Modeline "1600x900"x60.0  108.00  1600 1624 1704 1800  900 901 904 1000 +hsync +vsync (60.0 kHz e)
[2016124.516] (II) qxl(0): Modeline "1280x1024"x60.0  108.00  1280 1328 1440 1688  1024 1025 1028 1066 +hsync +vsync (64.0 kHz e)
[2016124.516] (II) qxl(0): Modeline "1440x900"x59.9  106.50  1440 1520 1672 1904  900 903 909 934 -hsync +vsync (55.9 kHz e)
[2016124.516] (II) qxl(0): Modeline "1440x900"x59.9   88.75  1440 1488 1520 1600  900 903 909 926 +hsync -vsync (55.5 kHz e)
[2016124.516] (II) qxl(0): Modeline "1280x960"x60.0  108.00  1280 1376 1488 1800  960 961 964 1000 +hsync +vsync (60.0 kHz e)
[2016124.516] (II) qxl(0): Modeline "1280x854"x60.0   89.34  1280 1352 1480 1680  854 857 867 887 -hsync +vsync (53.2 kHz)
[2016124.516] (II) qxl(0): Modeline "1366x768"x59.8   85.50  1366 1436 1579 1792  768 771 774 798 +hsync +vsync (47.7 kHz e)
[2016124.516] (II) qxl(0): Modeline "1366x768"x60.0   72.00  1366 1380 1436 1500  768 769 772 800 +hsync +vsync (48.0 kHz e)
[2016124.516] (II) qxl(0): Modeline "1360x768"x60.0   85.50  1360 1424 1536 1792  768 771 777 795 +hsync +vsync (47.7 kHz e)
[2016124.516] (II) qxl(0): Modeline "1280x800"x59.8   83.50  1280 1352 1480 1680  800 803 809 831 -hsync +vsync (49.7 kHz e)
[2016124.516] (II) qxl(0): Modeline "1280x800"x59.9   71.00  1280 1328 1360 1440  800 803 809 823 +hsync -vsync (49.3 kHz e)
[2016124.516] (II) qxl(0): Modeline "1280x768"x59.9   79.50  1280 1344 1472 1664  768 771 778 798 -hsync +vsync (47.8 kHz e)
[2016124.516] (II) qxl(0): Modeline "1280x768"x60.0   68.25  1280 1328 1360 1440  768 771 778 790 +hsync -vsync (47.4 kHz e)
[2016124.516] (II) qxl(0): Modeline "1280x720"x60.0   74.25  1280 1390 1430 1650  720 725 730 750 +hsync +vsync (45.0 kHz e)
[2016124.516] (II) qxl(0): Modeline "1152x768"x59.9   71.95  1152 1216 1328 1504  768 771 781 798 -hsync +vsync (47.8 kHz)
[2016124.516] (II) qxl(0): Modeline "800x600"x60.3   40.00  800 840 968 1056  600 601 605 628 +hsync +vsync (37.9 kHz e)
[2016124.516] (II) qxl(0): Modeline "800x600"x56.2   36.00  800 824 896 1024  600 601 603 625 +hsync +vsync (35.2 kHz e)
[2016124.516] (II) qxl(0): Modeline "848x480"x60.0   33.75  848 864 976 1088  480 486 494 517 +hsync +vsync (31.0 kHz e)
[2016124.516] (II) qxl(0): Modeline "720x480"x59.9   26.85  720 744 808 896  480 483 493 500 -hsync +vsync (30.0 kHz)
[2016124.516] (II) qxl(0): Modeline "640x480"x59.9   25.18  640 656 752 800  480 490 492 525 -hsync -vsync (31.5 kHz e)
[2016124.516] (II) qxl(0): EDID for output Virtual-2
[2016124.516] (II) qxl(0): EDID for output Virtual-3
[2016124.516] (II) qxl(0): EDID for output Virtual-4
[2016124.516] (II) qxl(0): Output Virtual-1 connected
[2016124.516] (II) qxl(0): Output Virtual-2 disconnected
[2016124.516] (II) qxl(0): Output Virtual-3 disconnected
[2016124.516] (II) qxl(0): Output Virtual-4 disconnected
[2016124.516] (II) qxl(0): Using exact sizes for initial modes
[2016124.516] (II) qxl(0): Output Virtual-1 using initial mode 1024x768 +0+0
[2016124.516] (II) qxl(0): PreInit complete
[2016124.516] (II) UnloadModule: "modesetting"
[2016124.516] (II) Unloading modesetting
[2016124.516] (II) UnloadModule: "fbdev"
[2016124.516] (II) Unloading fbdev
[2016124.516] (II) UnloadSubModule: "fbdevhw"
[2016124.516] (II) Unloading fbdevhw
[2016124.516] (II) UnloadModule: "vesa"
[2016124.516] (II) Unloading vesa
[2016124.516] (II) UXA(0): Driver registered support for the following operations:
[2016124.516] (II)         solid
[2016124.516] (II)         copy
[2016124.516] (II)         composite (RENDER acceleration)
[2016124.516] (II)         put_image
[2016124.516] resizing primary to 1024x768
[2016124.516] primary is 0x5620a65938a0
[2016124.518] (II) Initializing extension Generic Event Extension
[2016124.519] (II) Initializing extension SHAPE
[2016124.519] (II) Initializing extension MIT-SHM
[2016124.519] (II) Initializing extension XInputExtension
[2016124.520] (II) Initializing extension XTEST
[2016124.520] (II) Initializing extension BIG-REQUESTS
[2016124.520] (II) Initializing extension SYNC
[2016124.520] (II) Initializing extension XKEYBOARD
[2016124.520] (II) Initializing extension XC-MISC
[2016124.520] (II) Initializing extension SECURITY
[2016124.520] (II) Initializing extension XFIXES
[2016124.521] (II) Initializing extension RENDER
[2016124.521] (II) Initializing extension RANDR
[2016124.521] (II) Initializing extension COMPOSITE
[2016124.521] (II) Initializing extension DAMAGE
[2016124.521] (II) Initializing extension MIT-SCREEN-SAVER
[2016124.521] (II) Initializing extension DOUBLE-BUFFER
[2016124.521] (II) Initializing extension RECORD
[2016124.521] (II) Initializing extension DPMS
[2016124.521] (II) Initializing extension Present
[2016124.521] (II) Initializing extension DRI3
[2016124.521] (II) Initializing extension X-Resource
[2016124.521] (II) Initializing extension XVideo
[2016124.521] (II) Initializing extension XVideo-MotionCompensation
[2016124.521] (II) Initializing extension SELinux
[2016124.521] (II) SELinux: Disabled on system
[2016124.521] (II) Initializing extension GLX
[2016124.521] (II) AIGLX: Screen 0 is not DRI2 capable
[2016124.555] (II) IGLX: Loaded and initialized swrast
[2016124.555] (II) GLX: Initialized DRISWRAST GL provider for screen 0
[2016124.555] (II) Initializing extension XFree86-VidModeExtension
[2016124.556] (II) Initializing extension XFree86-DGA
[2016124.556] (II) Initializing extension XFree86-DRI
[2016124.556] (II) Initializing extension DRI2
[2016124.556] (II) qxl(0): Setting screen physical size to 270 x 203
[2016124.577] (II) config/udev: Adding input device Power Button (/dev/input/event0)
[2016124.577] (**) Power Button: Applying InputClass "libinput keyboard catchall"
[2016124.577] (II) LoadModule: "libinput"
[2016124.578] (II) Loading /usr/lib/xorg/modules/input/libinput_drv.so
[2016124.579] (II) Module libinput: vendor="X.Org Foundation"
[2016124.579] 	compiled for 1.20.4, module version = 0.29.0
[2016124.579] 	Module class: X.Org XInput Driver
[2016124.579] 	ABI class: X.Org XInput driver, version 24.1
[2016124.579] (II) Using input driver 'libinput' for 'Power Button'
[2016124.580] (II) systemd-logind: got fd for /dev/input/event0 13:64 fd 21 paused 0
[2016124.580] (**) Power Button: always reports core events
[2016124.580] (**) Option "Device" "/dev/input/event0"
[2016124.580] (**) Option "_source" "server/udev"
[2016124.581] (II) event0  - Power Button: is tagged by udev as: Keyboard
[2016124.581] (II) event0  - Power Button: device is a keyboard
[2016124.581] (II) event0  - Power Button: device removed
[2016124.581] (**) Option "config_info" "udev:/sys/devices/LNXSYSTM:00/LNXPWRBN:00/input/input0/event0"
[2016124.581] (II) XINPUT: Adding extended input device "Power Button" (type: KEYBOARD, id 6)
[2016124.581] (**) Option "xkb_model" "pc105"
[2016124.581] (**) Option "xkb_layout" "us"
[2016124.582] (II) event0  - Power Button: is tagged by udev as: Keyboard
[2016124.582] (II) event0  - Power Button: device is a keyboard
[2016124.583] (II) config/udev: Adding input device QEMU QEMU USB Tablet (/dev/input/event2)
[2016124.583] (**) QEMU QEMU USB Tablet: Applying InputClass "libinput pointer catchall"
[2016124.583] (II) Using input driver 'libinput' for 'QEMU QEMU USB Tablet'
[2016124.583] (II) systemd-logind: got fd for /dev/input/event2 13:66 fd 24 paused 0
[2016124.584] (**) QEMU QEMU USB Tablet: always reports core events
[2016124.584] (**) Option "Device" "/dev/input/event2"
[2016124.584] (**) Option "_source" "server/udev"
[2016124.585] (II) event2  - QEMU QEMU USB Tablet: is tagged by udev as: Mouse
[2016124.585] (II) event2  - QEMU QEMU USB Tablet: device is a pointer
[2016124.585] (II) event2  - QEMU QEMU USB Tablet: device removed
[2016124.585] (**) Option "config_info" "udev:/sys/devices/pci0000:00/0000:00:1d.7/usb1/1-1/1-1:1.0/0003:0627:0001.0001/input/input4/event2"
[2016124.585] (II) XINPUT: Adding extended input device "QEMU QEMU USB Tablet" (type: MOUSE, id 7)
[2016124.585] (**) Option "AccelerationScheme" "none"
[2016124.585] (**) QEMU QEMU USB Tablet: (accel) selected scheme none/0
[2016124.585] (**) QEMU QEMU USB Tablet: (accel) acceleration factor: 2.000
[2016124.585] (**) QEMU QEMU USB Tablet: (accel) acceleration threshold: 4
[2016124.586] (II) event2  - QEMU QEMU USB Tablet: is tagged by udev as: Mouse
[2016124.586] (II) event2  - QEMU QEMU USB Tablet: device is a pointer
[2016124.587] (II) config/udev: Adding input device QEMU QEMU USB Tablet (/dev/input/mouse0)
[2016124.587] (II) No input driver specified, ignoring this device.
[2016124.587] (II) This device may have been added with another device file.
[2016124.587] (II) config/udev: Adding input device AT Translated Set 2 keyboard (/dev/input/event1)
[2016124.587] (**) AT Translated Set 2 keyboard: Applying InputClass "libinput keyboard catchall"
[2016124.587] (II) Using input driver 'libinput' for 'AT Translated Set 2 keyboard'
[2016124.588] (II) systemd-logind: got fd for /dev/input/event1 13:65 fd 25 paused 0
[2016124.588] (**) AT Translated Set 2 keyboard: always reports core events
[2016124.588] (**) Option "Device" "/dev/input/event1"
[2016124.588] (**) Option "_source" "server/udev"
[2016124.589] (II) event1  - AT Translated Set 2 keyboard: is tagged by udev as: Keyboard
[2016124.589] (II) event1  - AT Translated Set 2 keyboard: device is a keyboard
[2016124.589] (II) event1  - AT Translated Set 2 keyboard: device removed
[2016124.589] (**) Option "config_info" "udev:/sys/devices/platform/i8042/serio0/input/input1/event1"
[2016124.589] (II) XINPUT: Adding extended input device "AT Translated Set 2 keyboard" (type: KEYBOARD, id 8)
[2016124.589] (**) Option "xkb_model" "pc105"
[2016124.589] (**) Option "xkb_layout" "us"
[2016124.590] (II) event1  - AT Translated Set 2 keyboard: is tagged by udev as: Keyboard
[2016124.590] (II) event1  - AT Translated Set 2 keyboard: device is a keyboard
[2016124.590] (II) config/udev: Adding input device ImExPS/2 Generic Explorer Mouse (/dev/input/event3)
[2016124.590] (**) ImExPS/2 Generic Explorer Mouse: Applying InputClass "libinput pointer catchall"
[2016124.590] (II) Using input driver 'libinput' for 'ImExPS/2 Generic Explorer Mouse'
[2016124.591] (II) systemd-logind: got fd for /dev/input/event3 13:67 fd 26 paused 0
[2016124.591] (**) ImExPS/2 Generic Explorer Mouse: always reports core events
[2016124.591] (**) Option "Device" "/dev/input/event3"
[2016124.591] (**) Option "_source" "server/udev"
[2016124.592] (II) event3  - ImExPS/2 Generic Explorer Mouse: is tagged by udev as: Mouse
[2016124.592] (II) event3  - ImExPS/2 Generic Explorer Mouse: device is a pointer
[2016124.592] (II) event3  - ImExPS/2 Generic Explorer Mouse: device removed
[2016124.592] (**) Option "config_info" "udev:/sys/devices/platform/i8042/serio1/input/input3/event3"
[2016124.592] (II) XINPUT: Adding extended input device "ImExPS/2 Generic Explorer Mouse" (type: MOUSE, id 9)
[2016124.592] (**) Option "AccelerationScheme" "none"
[2016124.592] (**) ImExPS/2 Generic Explorer Mouse: (accel) selected scheme none/0
[2016124.592] (**) ImExPS/2 Generic Explorer Mouse: (accel) acceleration factor: 2.000
[2016124.592] (**) ImExPS/2 Generic Explorer Mouse: (accel) acceleration threshold: 4
[2016124.593] (II) event3  - ImExPS/2 Generic Explorer Mouse: is tagged by udev as: Mouse
[2016124.593] (II) event3  - ImExPS/2 Generic Explorer Mouse: device is a pointer
[2016124.594] (II) config/udev: Adding input device ImExPS/2 Generic Explorer Mouse (/dev/input/mouse1)
[2016124.594] (II) No input driver specified, ignoring this device.
[2016124.594] (II) This device may have been added with another device file.
[2016125.684] (II) config/udev: Adding input device spice vdagent tablet (/dev/input/mouse2)
[2016125.684] (II) No input driver specified, ignoring this device.
[2016125.684] (II) This device may have been added with another device file.
[2016125.687] (II) config/udev: Adding input device spice vdagent tablet (/dev/input/js0)
[2016125.687] (II) No input driver specified, ignoring this device.
[2016125.687] (II) This device may have been added with another device file.
[2016125.728] (II) config/udev: Adding input device spice vdagent tablet (/dev/input/event4)
[2016125.728] (**) spice vdagent tablet: Applying InputClass "libinput pointer catchall"
[2016125.728] (II) Using input driver 'libinput' for 'spice vdagent tablet'
[2016125.728] (II) systemd-logind: got fd for /dev/input/event4 13:68 fd 38 paused 0
[2016125.728] (**) spice vdagent tablet: always reports core events
[2016125.728] (**) Option "Device" "/dev/input/event4"
[2016125.728] (**) Option "_source" "server/udev"
[2016125.729] (II) event4  - spice vdagent tablet: is tagged by udev as: Mouse
[2016125.729] (II) event4  - spice vdagent tablet: device is a pointer
[2016125.729] (II) event4  - spice vdagent tablet: device removed
[2016125.729] (**) Option "config_info" "udev:/sys/devices/virtual/input/input13/event4"
[2016125.729] (II) XINPUT: Adding extended input device "spice vdagent tablet" (type: MOUSE, id 10)
[2016125.729] (**) Option "AccelerationScheme" "none"
[2016125.729] (**) spice vdagent tablet: (accel) selected scheme none/0
[2016125.729] (**) spice vdagent tablet: (accel) acceleration factor: 2.000
[2016125.729] (**) spice vdagent tablet: (accel) acceleration threshold: 4
[2016125.730] (II) event4  - spice vdagent tablet: is tagged by udev as: Mouse
[2016125.730] (II) event4  - spice vdagent tablet: device is a pointer
